

Microchip MPLAB XC8 Assembler V2.31 build 20201012212115 
                                                                                               Tue Jul 20 01:19:21 2021

Microchip MPLAB XC8 C Compiler v2.31 (Free license) build 20201012212115 Og1 
     1                           	processor	16F887
     2                           	pagewidth 120
     3                           	opt	flic
     4                           	psect	idataBANK0,global,class=CODE,delta=2,noexec
     5                           	psect	cinit,global,class=CODE,merge=1,delta=2
     6                           	psect	bssCOMMON,global,class=COMMON,space=1,delta=1,noexec
     7                           	psect	bssBANK0,global,class=BANK0,space=1,delta=1,noexec
     8                           	psect	dataBANK0,global,class=BANK0,space=1,delta=1,noexec
     9                           	psect	inittext,global,class=CODE,delta=2
    10                           	psect	cstackCOMMON,global,class=COMMON,space=1,delta=1,noexec
    11                           	psect	cstackBANK0,global,class=BANK0,space=1,delta=1,noexec
    12                           	psect	maintext,global,class=CODE,split=1,delta=2
    13                           	psect	text1,local,class=CODE,merge=1,delta=2
    14                           	psect	text2,local,class=CODE,merge=1,delta=2
    15                           	psect	text3,local,class=CODE,merge=1,delta=2,group=1
    16                           	psect	text4,local,class=CODE,merge=1,delta=2
    17                           	psect	text5,local,class=CODE,merge=1,delta=2
    18                           	psect	text6,local,class=CODE,merge=1,delta=2
    19                           	psect	text7,local,class=CODE,merge=1,delta=2
    20                           	psect	text8,local,class=CODE,merge=1,delta=2
    21                           	psect	text9,local,class=CODE,merge=1,delta=2
    22                           	psect	text10,local,class=CODE,merge=1,delta=2
    23                           	psect	intentry,global,class=CODE,delta=2
    24                           	psect	text11,local,class=CODE,merge=1,delta=2
    25                           	psect	text12,local,class=CODE,merge=1,delta=2
    26                           	psect	text13,local,class=CODE,merge=1,delta=2
    27                           	psect	config,global,abs,ovrld,class=CONFIG,space=4,delta=2,noexec
    28                           	dabs	1,0x7E,2
    29  0000                     
    30                           ; Version 2.20
    31                           ; Generated 12/02/2020 GMT
    32                           ; 
    33                           ; Copyright © 2020, Microchip Technology Inc. and its subsidiaries ("Microchip")
    34                           ; All rights reserved.
    35                           ; 
    36                           ; This software is developed by Microchip Technology Inc. and its subsidiaries ("Microch
      +                          ip").
    37                           ; 
    38                           ; Redistribution and use in source and binary forms, with or without modification, are
    39                           ; permitted provided that the following conditions are met:
    40                           ; 
    41                           ;     1. Redistributions of source code must retain the above copyright notice, this lis
      +                          t of
    42                           ;        conditions and the following disclaimer.
    43                           ; 
    44                           ;     2. Redistributions in binary form must reproduce the above copyright notice, this 
      +                          list
    45                           ;        of conditions and the following disclaimer in the documentation and/or other
    46                           ;        materials provided with the distribution.
    47                           ; 
    48                           ;     3. Microchip's name may not be used to endorse or promote products derived from th
      +                          is
    49                           ;        software without specific prior written permission.
    50                           ; 
    51                           ; THIS SOFTWARE IS PROVIDED BY MICROCHIP "AS IS" AND ANY EXPRESS OR IMPLIED WARRANTIES,
    52                           ; INCLUDING, BUT NOT LIMITED TO, THE IMPLIED WARRANTIES OF MERCHANTABILITY AND FITNESS F
      +                          OR
    53                           ; PURPOSE ARE DISCLAIMED.  IN NO EVENT SHALL MICROCHIP BE LIABLE FOR ANY DIRECT, INDIREC
      +                          T,
    54                           ; INCIDENTAL, SPECIAL, EXEMPLARY, OR CONSEQUENTIAL DAMAGES (INCLUDING BUT NOT LIMITED TO
    55                           ; PROCUREMENT OF SUBSTITUTE GOODS OR SERVICES; LOSS OF USE, DATA OR PROFITS; OR BUSINESS
    56                           ; INTERRUPTION) HOWSOEVER CAUSED AND ON ANY THEORY OF LIABILITY, WHETHER IN CONTRACT, ST
      +                          RICT
    57                           ; LIABILITY, OR TORT (INCLUDING NEGLIGENCE OR OTHERWISE) ARISING IN ANY WAY OUT OF THE U
      +                          SE OF
    58                           ; THIS SOFTWARE, EVEN IF ADVISED OF THE POSSIBILITY OF SUCH DAMAGE.
    59                           ; 
    60                           ; 
    61                           ; Code-generator required, PIC16F887 Definitions
    62                           ; 
    63                           ; SFR Addresses
    64  0000                     	;# 
    65  0001                     	;# 
    66  0002                     	;# 
    67  0003                     	;# 
    68  0004                     	;# 
    69  0005                     	;# 
    70  0006                     	;# 
    71  0007                     	;# 
    72  0008                     	;# 
    73  0009                     	;# 
    74  000A                     	;# 
    75  000B                     	;# 
    76  000C                     	;# 
    77  000D                     	;# 
    78  000E                     	;# 
    79  000E                     	;# 
    80  000F                     	;# 
    81  0010                     	;# 
    82  0011                     	;# 
    83  0012                     	;# 
    84  0013                     	;# 
    85  0014                     	;# 
    86  0015                     	;# 
    87  0015                     	;# 
    88  0016                     	;# 
    89  0017                     	;# 
    90  0018                     	;# 
    91  0019                     	;# 
    92  001A                     	;# 
    93  001B                     	;# 
    94  001B                     	;# 
    95  001C                     	;# 
    96  001D                     	;# 
    97  001E                     	;# 
    98  001F                     	;# 
    99  0081                     	;# 
   100  0085                     	;# 
   101  0086                     	;# 
   102  0087                     	;# 
   103  0088                     	;# 
   104  0089                     	;# 
   105  008C                     	;# 
   106  008D                     	;# 
   107  008E                     	;# 
   108  008F                     	;# 
   109  0090                     	;# 
   110  0091                     	;# 
   111  0092                     	;# 
   112  0093                     	;# 
   113  0093                     	;# 
   114  0093                     	;# 
   115  0094                     	;# 
   116  0095                     	;# 
   117  0096                     	;# 
   118  0097                     	;# 
   119  0098                     	;# 
   120  0099                     	;# 
   121  009A                     	;# 
   122  009B                     	;# 
   123  009C                     	;# 
   124  009D                     	;# 
   125  009E                     	;# 
   126  009F                     	;# 
   127  0105                     	;# 
   128  0107                     	;# 
   129  0108                     	;# 
   130  0109                     	;# 
   131  010C                     	;# 
   132  010C                     	;# 
   133  010D                     	;# 
   134  010E                     	;# 
   135  010F                     	;# 
   136  0185                     	;# 
   137  0187                     	;# 
   138  0188                     	;# 
   139  0189                     	;# 
   140  018C                     	;# 
   141  018D                     	;# 
   142  0000                     	;# 
   143  0001                     	;# 
   144  0002                     	;# 
   145  0003                     	;# 
   146  0004                     	;# 
   147  0005                     	;# 
   148  0006                     	;# 
   149  0007                     	;# 
   150  0008                     	;# 
   151  0009                     	;# 
   152  000A                     	;# 
   153  000B                     	;# 
   154  000C                     	;# 
   155  000D                     	;# 
   156  000E                     	;# 
   157  000E                     	;# 
   158  000F                     	;# 
   159  0010                     	;# 
   160  0011                     	;# 
   161  0012                     	;# 
   162  0013                     	;# 
   163  0014                     	;# 
   164  0015                     	;# 
   165  0015                     	;# 
   166  0016                     	;# 
   167  0017                     	;# 
   168  0018                     	;# 
   169  0019                     	;# 
   170  001A                     	;# 
   171  001B                     	;# 
   172  001B                     	;# 
   173  001C                     	;# 
   174  001D                     	;# 
   175  001E                     	;# 
   176  001F                     	;# 
   177  0081                     	;# 
   178  0085                     	;# 
   179  0086                     	;# 
   180  0087                     	;# 
   181  0088                     	;# 
   182  0089                     	;# 
   183  008C                     	;# 
   184  008D                     	;# 
   185  008E                     	;# 
   186  008F                     	;# 
   187  0090                     	;# 
   188  0091                     	;# 
   189  0092                     	;# 
   190  0093                     	;# 
   191  0093                     	;# 
   192  0093                     	;# 
   193  0094                     	;# 
   194  0095                     	;# 
   195  0096                     	;# 
   196  0097                     	;# 
   197  0098                     	;# 
   198  0099                     	;# 
   199  009A                     	;# 
   200  009B                     	;# 
   201  009C                     	;# 
   202  009D                     	;# 
   203  009E                     	;# 
   204  009F                     	;# 
   205  0105                     	;# 
   206  0107                     	;# 
   207  0108                     	;# 
   208  0109                     	;# 
   209  010C                     	;# 
   210  010C                     	;# 
   211  010D                     	;# 
   212  010E                     	;# 
   213  010F                     	;# 
   214  0185                     	;# 
   215  0187                     	;# 
   216  0188                     	;# 
   217  0189                     	;# 
   218  018C                     	;# 
   219  018D                     	;# 
   220  0000                     	;# 
   221  0001                     	;# 
   222  0002                     	;# 
   223  0003                     	;# 
   224  0004                     	;# 
   225  0005                     	;# 
   226  0006                     	;# 
   227  0007                     	;# 
   228  0008                     	;# 
   229  0009                     	;# 
   230  000A                     	;# 
   231  000B                     	;# 
   232  000C                     	;# 
   233  000D                     	;# 
   234  000E                     	;# 
   235  000E                     	;# 
   236  000F                     	;# 
   237  0010                     	;# 
   238  0011                     	;# 
   239  0012                     	;# 
   240  0013                     	;# 
   241  0014                     	;# 
   242  0015                     	;# 
   243  0015                     	;# 
   244  0016                     	;# 
   245  0017                     	;# 
   246  0018                     	;# 
   247  0019                     	;# 
   248  001A                     	;# 
   249  001B                     	;# 
   250  001B                     	;# 
   251  001C                     	;# 
   252  001D                     	;# 
   253  001E                     	;# 
   254  001F                     	;# 
   255  0081                     	;# 
   256  0085                     	;# 
   257  0086                     	;# 
   258  0087                     	;# 
   259  0088                     	;# 
   260  0089                     	;# 
   261  008C                     	;# 
   262  008D                     	;# 
   263  008E                     	;# 
   264  008F                     	;# 
   265  0090                     	;# 
   266  0091                     	;# 
   267  0092                     	;# 
   268  0093                     	;# 
   269  0093                     	;# 
   270  0093                     	;# 
   271  0094                     	;# 
   272  0095                     	;# 
   273  0096                     	;# 
   274  0097                     	;# 
   275  0098                     	;# 
   276  0099                     	;# 
   277  009A                     	;# 
   278  009B                     	;# 
   279  009C                     	;# 
   280  009D                     	;# 
   281  009E                     	;# 
   282  009F                     	;# 
   283  0105                     	;# 
   284  0107                     	;# 
   285  0108                     	;# 
   286  0109                     	;# 
   287  010C                     	;# 
   288  010C                     	;# 
   289  010D                     	;# 
   290  010E                     	;# 
   291  010F                     	;# 
   292  0185                     	;# 
   293  0187                     	;# 
   294  0188                     	;# 
   295  0189                     	;# 
   296  018C                     	;# 
   297  018D                     	;# 
   298                           
   299                           	psect	idataBANK0
   300  01A5                     __pidataBANK0:
   301                           
   302                           ;initializer for _tab7seg
   303  01A5  343F               	retlw	63
   304  01A6  3406               	retlw	6
   305  01A7  345B               	retlw	91
   306  01A8  344F               	retlw	79
   307  01A9  3466               	retlw	102
   308  01AA  346D               	retlw	109
   309  01AB  347D               	retlw	125
   310  01AC  3407               	retlw	7
   311  01AD  347F               	retlw	127
   312  01AE  3467               	retlw	103
   313  01AF  3477               	retlw	119
   314  01B0  347C               	retlw	124
   315  01B1  3439               	retlw	57
   316  01B2  345E               	retlw	94
   317  01B3  3479               	retlw	121
   318  01B4  3471               	retlw	113
   319  0006                     _PORTB	set	6
   320  0001                     _TMR0	set	1
   321  0008                     _PORTD	set	8
   322  0005                     _PORTA	set	5
   323  001E                     _ADRESH	set	30
   324  001F                     _ADCON0bits	set	31
   325  0007                     _PORTC	set	7
   326  0006                     _PORTBbits	set	6
   327  000C                     _PIR1bits	set	12
   328  000B                     _INTCONbits	set	11
   329  009F                     _ADCON1bits	set	159
   330  0096                     _IOCB	set	150
   331  008F                     _OSCCONbits	set	143
   332  0095                     _WPUB	set	149
   333  0081                     _OPTION_REGbits	set	129
   334  0089                     _TRISE	set	137
   335  0088                     _TRISD	set	136
   336  0085                     _TRISA	set	133
   337  0087                     _TRISC	set	135
   338  0086                     _TRISB	set	134
   339  0188                     _ANSEL	set	392
   340  0189                     _ANSELH	set	393
   341                           
   342                           	psect	cinit
   343  000F                     start_initialization:	
   344                           ; #config settings
   345                           
   346  000F                     __initialization:
   347                           
   348                           ; Initialize objects allocated to BANK0
   349  000F  1383               	bcf	3,7	;select IRP bank0
   350  0010  3030               	movlw	low (__pdataBANK0+16)
   351  0011  00FD               	movwf	btemp+-1
   352  0012  3001               	movlw	high __pidataBANK0
   353  0013  00FE               	movwf	btemp
   354  0014  30A5               	movlw	low __pidataBANK0
   355  0015  00FF               	movwf	btemp+1
   356  0016  3020               	movlw	low __pdataBANK0
   357  0017  0084               	movwf	4
   358  0018  120A  118A  2173  120A  118A  	fcall	init_ram0
   359                           
   360                           ; Clear objects allocated to BANK0
   361  001D  01B9               	clrf	__pbssBANK0& (0+127)
   362  001E  01BA               	clrf	(__pbssBANK0+1)& (0+127)
   363  001F  01BB               	clrf	(__pbssBANK0+2)& (0+127)
   364                           
   365                           ; Clear objects allocated to COMMON
   366  0020  01F8               	clrf	__pbssCOMMON& (0+127)
   367  0021  01F9               	clrf	(__pbssCOMMON+1)& (0+127)
   368  0022  01FA               	clrf	(__pbssCOMMON+2)& (0+127)
   369  0023                     end_of_initialization:	
   370                           ;End of C runtime variable initialization code
   371                           
   372  0023                     __end_of__initialization:
   373  0023  0183               	clrf	3
   374  0024  120A  118A  2890   	ljmp	_main	;jump to C main() function
   375                           
   376                           	psect	bssCOMMON
   377  0078                     __pbssCOMMON:
   378  0078                     _cont:
   379  0078                     	ds	1
   380  0079                     _adcdig:
   381  0079                     	ds	1
   382  007A                     _num0:
   383  007A                     	ds	1
   384                           
   385                           	psect	bssBANK0
   386  0039                     __pbssBANK0:
   387  0039                     _ddisp:
   388  0039                     	ds	1
   389  003A                     _udisp:
   390  003A                     	ds	1
   391  003B                     _num1:
   392  003B                     	ds	1
   393                           
   394                           	psect	dataBANK0
   395  0020                     __pdataBANK0:
   396  0020                     _tab7seg:
   397  0020                     	ds	16
   398                           
   399                           	psect	inittext
   400  016F                     init_fetch0:	
   401                           ;	Called with low address in FSR and high address in W
   402                           
   403  016F  087E               	movf	btemp,w
   404  0170  008A               	movwf	10
   405  0171  087F               	movf	btemp+1,w
   406  0172  0082               	movwf	2
   407  0173                     init_ram0:	
   408                           ;Called with:
   409                           ;	high address of idata address in btemp 
   410                           ;	low address of idata address in btemp+1 
   411                           ;	low address of data in FSR
   412                           ;	high address + 1 of data in btemp-1
   413                           
   414  0173  120A  118A  216F  120A  118A  	fcall	init_fetch0
   415  0178  0080               	movwf	0
   416  0179  0A84               	incf	4,f
   417  017A  0804               	movf	4,w
   418  017B  067D               	xorwf	btemp+-1,w
   419  017C  1903               	btfsc	3,2
   420  017D  3400               	retlw	0
   421  017E  0AFF               	incf	btemp+1,f
   422  017F  1903               	btfsc	3,2
   423  0180  0AFE               	incf	btemp,f
   424  0181  2973               	goto	init_ram0
   425                           
   426                           	psect	cstackCOMMON
   427  0070                     __pcstackCOMMON:
   428  0070                     ?_int_iocb:
   429  0070                     ??_int_iocb:	
   430                           ; 1 bytes @ 0x0
   431                           
   432  0070                     ?_int_adc:	
   433                           ; 1 bytes @ 0x0
   434                           
   435  0070                     ??_int_adc:	
   436                           ; 1 bytes @ 0x0
   437                           
   438  0070                     ?_int_t0:	
   439                           ; 1 bytes @ 0x0
   440                           
   441  0070                     ??_int_t0:	
   442                           ; 1 bytes @ 0x0
   443                           
   444  0070                     ?_cfg_io:	
   445                           ; 1 bytes @ 0x0
   446                           
   447  0070                     ?_cfg_clk:	
   448                           ; 1 bytes @ 0x0
   449                           
   450  0070                     ?_cfg_inte:	
   451                           ; 1 bytes @ 0x0
   452                           
   453  0070                     ?_cfg_iocb:	
   454                           ; 1 bytes @ 0x0
   455                           
   456  0070                     ?_cfg_adc:	
   457                           ; 1 bytes @ 0x0
   458                           
   459  0070                     ?_cfg_t0:	
   460                           ; 1 bytes @ 0x0
   461                           
   462  0070                     ?_t7:	
   463                           ; 1 bytes @ 0x0
   464                           
   465  0070                     ?_hex:	
   466                           ; 1 bytes @ 0x0
   467                           
   468  0070                     ?_isr:	
   469                           ; 1 bytes @ 0x0
   470                           
   471  0070                     ?_main:	
   472                           ; 1 bytes @ 0x0
   473                           
   474                           
   475                           ; 1 bytes @ 0x0
   476  0070                     	ds	1
   477  0071                     ??_isr:
   478                           
   479                           ; 1 bytes @ 0x1
   480  0071                     	ds	2
   481  0073                     ??_cfg_io:
   482  0073                     ??_cfg_clk:	
   483                           ; 1 bytes @ 0x3
   484                           
   485  0073                     ??_cfg_inte:	
   486                           ; 1 bytes @ 0x3
   487                           
   488  0073                     ??_cfg_iocb:	
   489                           ; 1 bytes @ 0x3
   490                           
   491  0073                     ??_cfg_adc:	
   492                           ; 1 bytes @ 0x3
   493                           
   494  0073                     ??_cfg_t0:	
   495                           ; 1 bytes @ 0x3
   496                           
   497  0073                     ?___awdiv:	
   498                           ; 1 bytes @ 0x3
   499                           
   500  0073                     ___awdiv@divisor:	
   501                           ; 2 bytes @ 0x3
   502                           
   503                           
   504                           ; 2 bytes @ 0x3
   505  0073                     	ds	2
   506  0075                     ___awdiv@dividend:
   507                           
   508                           ; 2 bytes @ 0x5
   509  0075                     	ds	2
   510  0077                     ??___awdiv:
   511                           
   512                           ; 1 bytes @ 0x7
   513  0077                     	ds	1
   514                           
   515                           	psect	cstackBANK0
   516  0030                     __pcstackBANK0:
   517  0030                     ___awdiv@counter:
   518                           
   519                           ; 1 bytes @ 0x0
   520  0030                     	ds	1
   521  0031                     ___awdiv@sign:
   522                           
   523                           ; 1 bytes @ 0x1
   524  0031                     	ds	1
   525  0032                     ___awdiv@quotient:
   526                           
   527                           ; 2 bytes @ 0x2
   528  0032                     	ds	2
   529  0034                     ??_hex:
   530                           
   531                           ; 1 bytes @ 0x4
   532  0034                     	ds	3
   533  0037                     ??_t7:
   534                           
   535                           ; 1 bytes @ 0x7
   536  0037                     	ds	1
   537  0038                     ??_main:
   538                           
   539                           ; 1 bytes @ 0x8
   540  0038                     	ds	1
   541                           
   542                           	psect	maintext
   543  0090                     __pmaintext:	
   544 ;;
   545 ;;Main: autosize = 0, tempsize = 1, incstack = 0, save=0
   546 ;;
   547 ;; *************** function _main *****************
   548 ;; Defined at:
   549 ;;		line 120 in file "1111.c"
   550 ;; Parameters:    Size  Location     Type
   551 ;;		None
   552 ;; Auto vars:     Size  Location     Type
   553 ;;		None
   554 ;; Return value:  Size  Location     Type
   555 ;;                  1    wreg      void 
   556 ;; Registers used:
   557 ;;		wreg, fsr0l, fsr0h, status,2, status,0, pclath, cstack
   558 ;; Tracked objects:
   559 ;;		On entry : B00/0
   560 ;;		On exit  : 0/0
   561 ;;		Unchanged: 0/0
   562 ;; Data sizes:     COMMON   BANK0   BANK1   BANK3   BANK2
   563 ;;      Params:         0       0       0       0       0
   564 ;;      Locals:         0       0       0       0       0
   565 ;;      Temps:          0       1       0       0       0
   566 ;;      Totals:         0       1       0       0       0
   567 ;;Total ram usage:        1 bytes
   568 ;; Hardware stack levels required when called:    5
   569 ;; This function calls:
   570 ;;		_cfg_adc
   571 ;;		_cfg_clk
   572 ;;		_cfg_inte
   573 ;;		_cfg_io
   574 ;;		_cfg_iocb
   575 ;;		_cfg_t0
   576 ;;		_t7
   577 ;; This function is called by:
   578 ;;		Startup code after reset
   579 ;; This function uses a non-reentrant model
   580 ;;
   581                           
   582                           
   583                           ;psect for function _main
   584  0090                     _main:
   585  0090                     l1000:	
   586                           ;incstack = 0
   587                           ; Regs used in _main: [wreg-fsr0h+status,2+status,0+pclath+cstack]
   588                           
   589  0090  120A  118A  2143  120A  118A  	fcall	_cfg_io
   590  0095                     l1002:
   591  0095  120A  118A  21C2  120A  118A  	fcall	_cfg_clk
   592  009A                     l1004:
   593  009A  120A  118A  21CF  120A  118A  	fcall	_cfg_inte
   594  009F  120A  118A  21C9  120A  118A  	fcall	_cfg_iocb
   595  00A4  120A  118A  215A  120A  118A  	fcall	_cfg_adc
   596  00A9  120A  118A  21B5  120A  118A  	fcall	_cfg_t0
   597  00AE                     l1006:
   598  00AE  1283               	bcf	3,5	;RP0=0, select bank0
   599  00AF  1303               	bcf	3,6	;RP1=0, select bank0
   600  00B0  149F               	bsf	31,1	;volatile
   601  00B1                     l1008:
   602  00B1  120A  118A  212C  120A  118A  	fcall	_t7
   603  00B6                     l1010:
   604  00B6  1283               	bcf	3,5	;RP0=0, select bank0
   605  00B7  1303               	bcf	3,6	;RP1=0, select bank0
   606  00B8  189F               	btfsc	31,1	;volatile
   607  00B9  28BB               	goto	u361
   608  00BA  28BC               	goto	u360
   609  00BB                     u361:
   610  00BB  28B1               	goto	l1008
   611  00BC                     u360:
   612  00BC                     l1012:
   613  00BC  3020               	movlw	32
   614  00BD  1283               	bcf	3,5	;RP0=0, select bank0
   615  00BE  1303               	bcf	3,6	;RP1=0, select bank0
   616  00BF  00B8               	movwf	??_main
   617  00C0                     u377:
   618  00C0  0BB8               	decfsz	??_main,f
   619  00C1  28C0               	goto	u377
   620  00C2  0000               	nop
   621  00C3                     l1014:
   622  00C3  1283               	bcf	3,5	;RP0=0, select bank0
   623  00C4  1303               	bcf	3,6	;RP1=0, select bank0
   624  00C5  149F               	bsf	31,1	;volatile
   625  00C6  28B1               	goto	l1008
   626  00C7  120A  118A  280C   	ljmp	start
   627  00CA                     __end_of_main:
   628                           
   629                           	psect	text1
   630  012C                     __ptext1:	
   631 ;; *************** function _t7 *****************
   632 ;; Defined at:
   633 ;;		line 143 in file "1111.c"
   634 ;; Parameters:    Size  Location     Type
   635 ;;		None
   636 ;; Auto vars:     Size  Location     Type
   637 ;;		None
   638 ;; Return value:  Size  Location     Type
   639 ;;                  1    wreg      void 
   640 ;; Registers used:
   641 ;;		wreg, fsr0l, fsr0h, status,2, status,0, pclath, cstack
   642 ;; Tracked objects:
   643 ;;		On entry : 0/0
   644 ;;		On exit  : 0/0
   645 ;;		Unchanged: 0/0
   646 ;; Data sizes:     COMMON   BANK0   BANK1   BANK3   BANK2
   647 ;;      Params:         0       0       0       0       0
   648 ;;      Locals:         0       0       0       0       0
   649 ;;      Temps:          0       1       0       0       0
   650 ;;      Totals:         0       1       0       0       0
   651 ;;Total ram usage:        1 bytes
   652 ;; Hardware stack levels used:    1
   653 ;; Hardware stack levels required when called:    4
   654 ;; This function calls:
   655 ;;		_hex
   656 ;; This function is called by:
   657 ;;		_main
   658 ;; This function uses a non-reentrant model
   659 ;;
   660                           
   661                           
   662                           ;psect for function _t7
   663  012C                     _t7:
   664  012C                     l994:	
   665                           ;incstack = 0
   666                           ; Regs used in _t7: [wreg-fsr0h+status,2+status,0+pclath+cstack]
   667                           
   668  012C  120A  118A  20EE  120A  118A  	fcall	_hex
   669  0131                     l996:
   670  0131  087A               	movf	_num0,w
   671  0132  3E20               	addlw	(low (_tab7seg| 0))& (0+255)
   672  0133  0084               	movwf	4
   673  0134  1383               	bcf	3,7	;select IRP bank0
   674  0135  0800               	movf	0,w
   675  0136  1283               	bcf	3,5	;RP0=0, select bank0
   676  0137  1303               	bcf	3,6	;RP1=0, select bank0
   677  0138  00B7               	movwf	??_t7
   678  0139  0837               	movf	??_t7,w
   679  013A  00BA               	movwf	_udisp
   680  013B                     l998:
   681  013B  083B               	movf	_num1,w
   682  013C  3E20               	addlw	(low (_tab7seg| 0))& (0+255)
   683  013D  0084               	movwf	4
   684  013E  0800               	movf	0,w
   685  013F  00B7               	movwf	??_t7
   686  0140  0837               	movf	??_t7,w
   687  0141  00B9               	movwf	_ddisp
   688  0142                     l117:
   689  0142  0008               	return
   690  0143                     __end_of_t7:
   691                           
   692                           	psect	text2
   693  00EE                     __ptext2:	
   694 ;; *************** function _hex *****************
   695 ;; Defined at:
   696 ;;		line 5 in file "adc_to_7seg.c"
   697 ;; Parameters:    Size  Location     Type
   698 ;;		None
   699 ;; Auto vars:     Size  Location     Type
   700 ;;		None
   701 ;; Return value:  Size  Location     Type
   702 ;;                  1    wreg      void 
   703 ;; Registers used:
   704 ;;		wreg, status,2, status,0, pclath, cstack
   705 ;; Tracked objects:
   706 ;;		On entry : 0/0
   707 ;;		On exit  : 0/0
   708 ;;		Unchanged: 0/0
   709 ;; Data sizes:     COMMON   BANK0   BANK1   BANK3   BANK2
   710 ;;      Params:         0       0       0       0       0
   711 ;;      Locals:         0       0       0       0       0
   712 ;;      Temps:          0       3       0       0       0
   713 ;;      Totals:         0       3       0       0       0
   714 ;;Total ram usage:        3 bytes
   715 ;; Hardware stack levels used:    1
   716 ;; Hardware stack levels required when called:    3
   717 ;; This function calls:
   718 ;;		___awdiv
   719 ;; This function is called by:
   720 ;;		_t7
   721 ;; This function uses a non-reentrant model
   722 ;;
   723                           
   724                           
   725                           ;psect for function _hex
   726  00EE                     _hex:
   727  00EE                     l990:	
   728                           ;incstack = 0
   729                           ; Regs used in _hex: [wreg+status,2+status,0+pclath+cstack]
   730                           
   731                           
   732                           ;adc_to_7seg.c: 6:     num0 = adcdig & 0x0F;
   733  00EE  0879               	movf	_adcdig,w
   734  00EF  390F               	andlw	15
   735  00F0  1283               	bcf	3,5	;RP0=0, select bank0
   736  00F1  1303               	bcf	3,6	;RP1=0, select bank0
   737  00F2  00B4               	movwf	??_hex
   738  00F3  0834               	movf	??_hex,w
   739  00F4  00FA               	movwf	_num0
   740  00F5                     l992:
   741                           
   742                           ;adc_to_7seg.c: 7:     num1 = (adcdig & 0xF0)/(0x10);
   743  00F5  3010               	movlw	16
   744  00F6  00F3               	movwf	___awdiv@divisor
   745  00F7  3000               	movlw	0
   746  00F8  00F4               	movwf	___awdiv@divisor+1
   747  00F9  0879               	movf	_adcdig,w
   748  00FA  39F0               	andlw	240
   749  00FB  00B4               	movwf	??_hex
   750  00FC  01B5               	clrf	??_hex+1
   751  00FD  0834               	movf	??_hex,w
   752  00FE  00F5               	movwf	___awdiv@dividend
   753  00FF  0835               	movf	??_hex+1,w
   754  0100  00F6               	movwf	___awdiv@dividend+1
   755  0101  120A  118A  2027  120A  118A  	fcall	___awdiv
   756  0106  0873               	movf	?___awdiv,w
   757  0107  1283               	bcf	3,5	;RP0=0, select bank0
   758  0108  1303               	bcf	3,6	;RP1=0, select bank0
   759  0109  00B6               	movwf	??_hex+2
   760  010A  0836               	movf	??_hex+2,w
   761  010B  00BB               	movwf	_num1
   762  010C                     l144:
   763  010C  0008               	return
   764  010D                     __end_of_hex:
   765                           
   766                           	psect	text3
   767  0027                     __ptext3:	
   768 ;; *************** function ___awdiv *****************
   769 ;; Defined at:
   770 ;;		line 5 in file "C:\Program Files\Microchip\xc8\v2.31\pic\sources\c90\common\awdiv.c"
   771 ;; Parameters:    Size  Location     Type
   772 ;;  divisor         2    3[COMMON] int 
   773 ;;  dividend        2    5[COMMON] int 
   774 ;; Auto vars:     Size  Location     Type
   775 ;;  quotient        2    2[BANK0 ] int 
   776 ;;  sign            1    1[BANK0 ] unsigned char 
   777 ;;  counter         1    0[BANK0 ] unsigned char 
   778 ;; Return value:  Size  Location     Type
   779 ;;                  2    3[COMMON] int 
   780 ;; Registers used:
   781 ;;		wreg, status,2, status,0
   782 ;; Tracked objects:
   783 ;;		On entry : 0/0
   784 ;;		On exit  : 0/0
   785 ;;		Unchanged: 0/0
   786 ;; Data sizes:     COMMON   BANK0   BANK1   BANK3   BANK2
   787 ;;      Params:         4       0       0       0       0
   788 ;;      Locals:         0       4       0       0       0
   789 ;;      Temps:          1       0       0       0       0
   790 ;;      Totals:         5       4       0       0       0
   791 ;;Total ram usage:        9 bytes
   792 ;; Hardware stack levels used:    1
   793 ;; Hardware stack levels required when called:    2
   794 ;; This function calls:
   795 ;;		Nothing
   796 ;; This function is called by:
   797 ;;		_hex
   798 ;; This function uses a non-reentrant model
   799 ;;
   800                           
   801                           
   802                           ;psect for function ___awdiv
   803  0027                     ___awdiv:
   804  0027                     l890:	
   805                           ;incstack = 0
   806                           ; Regs used in ___awdiv: [wreg+status,2+status,0]
   807                           
   808  0027  1283               	bcf	3,5	;RP0=0, select bank0
   809  0028  1303               	bcf	3,6	;RP1=0, select bank0
   810  0029  01B1               	clrf	___awdiv@sign
   811  002A                     l892:
   812  002A  1FF4               	btfss	___awdiv@divisor+1,7
   813  002B  282D               	goto	u201
   814  002C  282E               	goto	u200
   815  002D                     u201:
   816  002D  2835               	goto	l898
   817  002E                     u200:
   818  002E                     l894:
   819  002E  09F3               	comf	___awdiv@divisor,f
   820  002F  09F4               	comf	___awdiv@divisor+1,f
   821  0030  0AF3               	incf	___awdiv@divisor,f
   822  0031  1903               	skipnz
   823  0032  0AF4               	incf	___awdiv@divisor+1,f
   824  0033                     l896:
   825  0033  01B1               	clrf	___awdiv@sign
   826  0034  0AB1               	incf	___awdiv@sign,f
   827  0035                     l898:
   828  0035  1FF6               	btfss	___awdiv@dividend+1,7
   829  0036  2838               	goto	u211
   830  0037  2839               	goto	u210
   831  0038                     u211:
   832  0038  2842               	goto	l904
   833  0039                     u210:
   834  0039                     l900:
   835  0039  09F5               	comf	___awdiv@dividend,f
   836  003A  09F6               	comf	___awdiv@dividend+1,f
   837  003B  0AF5               	incf	___awdiv@dividend,f
   838  003C  1903               	skipnz
   839  003D  0AF6               	incf	___awdiv@dividend+1,f
   840  003E                     l902:
   841  003E  3001               	movlw	1
   842  003F  00F7               	movwf	??___awdiv
   843  0040  0877               	movf	??___awdiv,w
   844  0041  06B1               	xorwf	___awdiv@sign,f
   845  0042                     l904:
   846  0042  01B2               	clrf	___awdiv@quotient
   847  0043  01B3               	clrf	___awdiv@quotient+1
   848  0044                     l906:
   849  0044  0873               	movf	___awdiv@divisor,w
   850  0045  0474               	iorwf	___awdiv@divisor+1,w
   851  0046  1903               	btfsc	3,2
   852  0047  2849               	goto	u221
   853  0048  284A               	goto	u220
   854  0049                     u221:
   855  0049  2881               	goto	l926
   856  004A                     u220:
   857  004A                     l908:
   858  004A  01B0               	clrf	___awdiv@counter
   859  004B  0AB0               	incf	___awdiv@counter,f
   860  004C  2858               	goto	l914
   861  004D                     l910:
   862  004D  3001               	movlw	1
   863  004E                     u235:
   864  004E  1003               	clrc
   865  004F  0DF3               	rlf	___awdiv@divisor,f
   866  0050  0DF4               	rlf	___awdiv@divisor+1,f
   867  0051  3EFF               	addlw	-1
   868  0052  1D03               	skipz
   869  0053  284E               	goto	u235
   870  0054                     l912:
   871  0054  3001               	movlw	1
   872  0055  00F7               	movwf	??___awdiv
   873  0056  0877               	movf	??___awdiv,w
   874  0057  07B0               	addwf	___awdiv@counter,f
   875  0058                     l914:
   876  0058  1FF4               	btfss	___awdiv@divisor+1,7
   877  0059  285B               	goto	u241
   878  005A  285C               	goto	u240
   879  005B                     u241:
   880  005B  284D               	goto	l910
   881  005C                     u240:
   882  005C                     l916:
   883  005C  3001               	movlw	1
   884  005D                     u255:
   885  005D  1003               	clrc
   886  005E  0DB2               	rlf	___awdiv@quotient,f
   887  005F  0DB3               	rlf	___awdiv@quotient+1,f
   888  0060  3EFF               	addlw	-1
   889  0061  1D03               	skipz
   890  0062  285D               	goto	u255
   891  0063  0874               	movf	___awdiv@divisor+1,w
   892  0064  0276               	subwf	___awdiv@dividend+1,w
   893  0065  1D03               	skipz
   894  0066  2869               	goto	u265
   895  0067  0873               	movf	___awdiv@divisor,w
   896  0068  0275               	subwf	___awdiv@dividend,w
   897  0069                     u265:
   898  0069  1C03               	skipc
   899  006A  286C               	goto	u261
   900  006B  286D               	goto	u260
   901  006C                     u261:
   902  006C  2874               	goto	l922
   903  006D                     u260:
   904  006D                     l918:
   905  006D  0873               	movf	___awdiv@divisor,w
   906  006E  02F5               	subwf	___awdiv@dividend,f
   907  006F  0874               	movf	___awdiv@divisor+1,w
   908  0070  1C03               	skipc
   909  0071  03F6               	decf	___awdiv@dividend+1,f
   910  0072  02F6               	subwf	___awdiv@dividend+1,f
   911  0073                     l920:
   912  0073  1432               	bsf	___awdiv@quotient,0
   913  0074                     l922:
   914  0074  3001               	movlw	1
   915  0075                     u275:
   916  0075  1003               	clrc
   917  0076  0CF4               	rrf	___awdiv@divisor+1,f
   918  0077  0CF3               	rrf	___awdiv@divisor,f
   919  0078  3EFF               	addlw	-1
   920  0079  1D03               	skipz
   921  007A  2875               	goto	u275
   922  007B                     l924:
   923  007B  3001               	movlw	1
   924  007C  02B0               	subwf	___awdiv@counter,f
   925  007D  1D03               	btfss	3,2
   926  007E  2880               	goto	u281
   927  007F  2881               	goto	u280
   928  0080                     u281:
   929  0080  285C               	goto	l916
   930  0081                     u280:
   931  0081                     l926:
   932  0081  0831               	movf	___awdiv@sign,w
   933  0082  1903               	btfsc	3,2
   934  0083  2885               	goto	u291
   935  0084  2886               	goto	u290
   936  0085                     u291:
   937  0085  288B               	goto	l930
   938  0086                     u290:
   939  0086                     l928:
   940  0086  09B2               	comf	___awdiv@quotient,f
   941  0087  09B3               	comf	___awdiv@quotient+1,f
   942  0088  0AB2               	incf	___awdiv@quotient,f
   943  0089  1903               	skipnz
   944  008A  0AB3               	incf	___awdiv@quotient+1,f
   945  008B                     l930:
   946  008B  0833               	movf	___awdiv@quotient+1,w
   947  008C  00F4               	movwf	?___awdiv+1
   948  008D  0832               	movf	___awdiv@quotient,w
   949  008E  00F3               	movwf	?___awdiv
   950  008F                     l383:
   951  008F  0008               	return
   952  0090                     __end_of___awdiv:
   953                           
   954                           	psect	text4
   955  01B5                     __ptext4:	
   956 ;; *************** function _cfg_t0 *****************
   957 ;; Defined at:
   958 ;;		line 195 in file "1111.c"
   959 ;; Parameters:    Size  Location     Type
   960 ;;		None
   961 ;; Auto vars:     Size  Location     Type
   962 ;;		None
   963 ;; Return value:  Size  Location     Type
   964 ;;                  1    wreg      void 
   965 ;; Registers used:
   966 ;;		wreg
   967 ;; Tracked objects:
   968 ;;		On entry : 0/0
   969 ;;		On exit  : 0/0
   970 ;;		Unchanged: 0/0
   971 ;; Data sizes:     COMMON   BANK0   BANK1   BANK3   BANK2
   972 ;;      Params:         0       0       0       0       0
   973 ;;      Locals:         0       0       0       0       0
   974 ;;      Temps:          0       0       0       0       0
   975 ;;      Totals:         0       0       0       0       0
   976 ;;Total ram usage:        0 bytes
   977 ;; Hardware stack levels used:    1
   978 ;; Hardware stack levels required when called:    2
   979 ;; This function calls:
   980 ;;		Nothing
   981 ;; This function is called by:
   982 ;;		_main
   983 ;; This function uses a non-reentrant model
   984 ;;
   985                           
   986                           
   987                           ;psect for function _cfg_t0
   988  01B5                     _cfg_t0:
   989  01B5                     l848:	
   990                           ;incstack = 0
   991                           ; Regs used in _cfg_t0: [wreg]
   992                           
   993  01B5  1683               	bsf	3,5	;RP0=1, select bank1
   994  01B6  1303               	bcf	3,6	;RP1=0, select bank1
   995  01B7  1281               	bcf	1,5	;volatile
   996  01B8  1181               	bcf	1,3	;volatile
   997  01B9  1501               	bsf	1,2	;volatile
   998  01BA  1481               	bsf	1,1	;volatile
   999  01BB  1401               	bsf	1,0	;volatile
  1000  01BC                     l850:
  1001  01BC  30FE               	movlw	254
  1002  01BD  1283               	bcf	3,5	;RP0=0, select bank0
  1003  01BE  1303               	bcf	3,6	;RP1=0, select bank0
  1004  01BF  0081               	movwf	1	;volatile
  1005  01C0                     l852:
  1006  01C0  110B               	bcf	11,2	;volatile
  1007  01C1                     l132:
  1008  01C1  0008               	return
  1009  01C2                     __end_of_cfg_t0:
  1010                           
  1011                           	psect	text5
  1012  01C9                     __ptext5:	
  1013 ;; *************** function _cfg_iocb *****************
  1014 ;; Defined at:
  1015 ;;		line 188 in file "1111.c"
  1016 ;; Parameters:    Size  Location     Type
  1017 ;;		None
  1018 ;; Auto vars:     Size  Location     Type
  1019 ;;		None
  1020 ;; Return value:  Size  Location     Type
  1021 ;;                  1    wreg      void 
  1022 ;; Registers used:
  1023 ;;		wreg
  1024 ;; Tracked objects:
  1025 ;;		On entry : 0/0
  1026 ;;		On exit  : 0/0
  1027 ;;		Unchanged: 0/0
  1028 ;; Data sizes:     COMMON   BANK0   BANK1   BANK3   BANK2
  1029 ;;      Params:         0       0       0       0       0
  1030 ;;      Locals:         0       0       0       0       0
  1031 ;;      Temps:          0       0       0       0       0
  1032 ;;      Totals:         0       0       0       0       0
  1033 ;;Total ram usage:        0 bytes
  1034 ;; Hardware stack levels used:    1
  1035 ;; Hardware stack levels required when called:    2
  1036 ;; This function calls:
  1037 ;;		Nothing
  1038 ;; This function is called by:
  1039 ;;		_main
  1040 ;; This function uses a non-reentrant model
  1041 ;;
  1042                           
  1043                           
  1044                           ;psect for function _cfg_iocb
  1045  01C9                     _cfg_iocb:
  1046  01C9                     l834:	
  1047                           ;incstack = 0
  1048                           ; Regs used in _cfg_iocb: [wreg]
  1049                           
  1050  01C9  3003               	movlw	3
  1051  01CA  1683               	bsf	3,5	;RP0=1, select bank1
  1052  01CB  1303               	bcf	3,6	;RP1=0, select bank1
  1053  01CC  0096               	movwf	22	;volatile
  1054  01CD                     l836:
  1055  01CD  100B               	bcf	11,0	;volatile
  1056  01CE                     l129:
  1057  01CE  0008               	return
  1058  01CF                     __end_of_cfg_iocb:
  1059                           
  1060                           	psect	text6
  1061  0143                     __ptext6:	
  1062 ;; *************** function _cfg_io *****************
  1063 ;; Defined at:
  1064 ;;		line 153 in file "1111.c"
  1065 ;; Parameters:    Size  Location     Type
  1066 ;;		None
  1067 ;; Auto vars:     Size  Location     Type
  1068 ;;		None
  1069 ;; Return value:  Size  Location     Type
  1070 ;;                  1    wreg      void 
  1071 ;; Registers used:
  1072 ;;		wreg, status,2
  1073 ;; Tracked objects:
  1074 ;;		On entry : 0/0
  1075 ;;		On exit  : 0/0
  1076 ;;		Unchanged: 0/0
  1077 ;; Data sizes:     COMMON   BANK0   BANK1   BANK3   BANK2
  1078 ;;      Params:         0       0       0       0       0
  1079 ;;      Locals:         0       0       0       0       0
  1080 ;;      Temps:          0       0       0       0       0
  1081 ;;      Totals:         0       0       0       0       0
  1082 ;;Total ram usage:        0 bytes
  1083 ;; Hardware stack levels used:    1
  1084 ;; Hardware stack levels required when called:    2
  1085 ;; This function calls:
  1086 ;;		Nothing
  1087 ;; This function is called by:
  1088 ;;		_main
  1089 ;; This function uses a non-reentrant model
  1090 ;;
  1091                           
  1092                           
  1093                           ;psect for function _cfg_io
  1094  0143                     _cfg_io:
  1095  0143                     l818:	
  1096                           ;incstack = 0
  1097                           ; Regs used in _cfg_io: [wreg+status,2]
  1098                           
  1099  0143  1683               	bsf	3,5	;RP0=1, select bank3
  1100  0144  1703               	bsf	3,6	;RP1=1, select bank3
  1101  0145  0189               	clrf	9	;volatile
  1102  0146                     l820:
  1103  0146  3020               	movlw	32
  1104  0147  0088               	movwf	8	;volatile
  1105  0148                     l822:
  1106  0148  3003               	movlw	3
  1107  0149  1683               	bsf	3,5	;RP0=1, select bank1
  1108  014A  1303               	bcf	3,6	;RP1=0, select bank1
  1109  014B  0086               	movwf	6	;volatile
  1110  014C  0187               	clrf	7	;volatile
  1111  014D  0185               	clrf	5	;volatile
  1112  014E  0188               	clrf	8	;volatile
  1113  014F                     l824:
  1114  014F  3003               	movlw	3
  1115  0150  0089               	movwf	9	;volatile
  1116  0151                     l826:
  1117  0151  1381               	bcf	1,7	;volatile
  1118  0152                     l828:
  1119  0152  3003               	movlw	3
  1120  0153  0095               	movwf	21	;volatile
  1121  0154  1283               	bcf	3,5	;RP0=0, select bank0
  1122  0155  1303               	bcf	3,6	;RP1=0, select bank0
  1123  0156  0186               	clrf	6	;volatile
  1124  0157  0187               	clrf	7	;volatile
  1125  0158  0185               	clrf	5	;volatile
  1126  0159                     l120:
  1127  0159  0008               	return
  1128  015A                     __end_of_cfg_io:
  1129                           
  1130                           	psect	text7
  1131  01CF                     __ptext7:	
  1132 ;; *************** function _cfg_inte *****************
  1133 ;; Defined at:
  1134 ;;		line 179 in file "1111.c"
  1135 ;; Parameters:    Size  Location     Type
  1136 ;;		None
  1137 ;; Auto vars:     Size  Location     Type
  1138 ;;		None
  1139 ;; Return value:  Size  Location     Type
  1140 ;;                  1    wreg      void 
  1141 ;; Registers used:
  1142 ;;		None
  1143 ;; Tracked objects:
  1144 ;;		On entry : 0/0
  1145 ;;		On exit  : 0/0
  1146 ;;		Unchanged: 0/0
  1147 ;; Data sizes:     COMMON   BANK0   BANK1   BANK3   BANK2
  1148 ;;      Params:         0       0       0       0       0
  1149 ;;      Locals:         0       0       0       0       0
  1150 ;;      Temps:          0       0       0       0       0
  1151 ;;      Totals:         0       0       0       0       0
  1152 ;;Total ram usage:        0 bytes
  1153 ;; Hardware stack levels used:    1
  1154 ;; Hardware stack levels required when called:    2
  1155 ;; This function calls:
  1156 ;;		Nothing
  1157 ;; This function is called by:
  1158 ;;		_main
  1159 ;; This function uses a non-reentrant model
  1160 ;;
  1161                           
  1162                           
  1163                           ;psect for function _cfg_inte
  1164  01CF                     _cfg_inte:
  1165  01CF                     l832:	
  1166                           ;incstack = 0
  1167                           ; Regs used in _cfg_inte: []
  1168                           
  1169  01CF  178B               	bsf	11,7	;volatile
  1170  01D0  168B               	bsf	11,5	;volatile
  1171  01D1  158B               	bsf	11,3	;volatile
  1172  01D2  100B               	bcf	11,0	;volatile
  1173  01D3  110B               	bcf	11,2	;volatile
  1174  01D4                     l126:
  1175  01D4  0008               	return
  1176  01D5                     __end_of_cfg_inte:
  1177                           
  1178                           	psect	text8
  1179  01C2                     __ptext8:	
  1180 ;; *************** function _cfg_clk *****************
  1181 ;; Defined at:
  1182 ;;		line 171 in file "1111.c"
  1183 ;; Parameters:    Size  Location     Type
  1184 ;;		None
  1185 ;; Auto vars:     Size  Location     Type
  1186 ;;		None
  1187 ;; Return value:  Size  Location     Type
  1188 ;;                  1    wreg      void 
  1189 ;; Registers used:
  1190 ;;		None
  1191 ;; Tracked objects:
  1192 ;;		On entry : 0/0
  1193 ;;		On exit  : 0/0
  1194 ;;		Unchanged: 0/0
  1195 ;; Data sizes:     COMMON   BANK0   BANK1   BANK3   BANK2
  1196 ;;      Params:         0       0       0       0       0
  1197 ;;      Locals:         0       0       0       0       0
  1198 ;;      Temps:          0       0       0       0       0
  1199 ;;      Totals:         0       0       0       0       0
  1200 ;;Total ram usage:        0 bytes
  1201 ;; Hardware stack levels used:    1
  1202 ;; Hardware stack levels required when called:    2
  1203 ;; This function calls:
  1204 ;;		Nothing
  1205 ;; This function is called by:
  1206 ;;		_main
  1207 ;; This function uses a non-reentrant model
  1208 ;;
  1209                           
  1210                           
  1211                           ;psect for function _cfg_clk
  1212  01C2                     _cfg_clk:
  1213  01C2                     l830:	
  1214                           ;incstack = 0
  1215                           ; Regs used in _cfg_clk: []
  1216                           
  1217  01C2  1683               	bsf	3,5	;RP0=1, select bank1
  1218  01C3  1303               	bcf	3,6	;RP1=0, select bank1
  1219  01C4  130F               	bcf	15,6	;volatile
  1220  01C5  168F               	bsf	15,5	;volatile
  1221  01C6  160F               	bsf	15,4	;volatile
  1222  01C7  140F               	bsf	15,0	;volatile
  1223  01C8                     l123:
  1224  01C8  0008               	return
  1225  01C9                     __end_of_cfg_clk:
  1226                           
  1227                           	psect	text9
  1228  015A                     __ptext9:	
  1229 ;; *************** function _cfg_adc *****************
  1230 ;; Defined at:
  1231 ;;		line 208 in file "1111.c"
  1232 ;; Parameters:    Size  Location     Type
  1233 ;;		None
  1234 ;; Auto vars:     Size  Location     Type
  1235 ;;		None
  1236 ;; Return value:  Size  Location     Type
  1237 ;;                  1    wreg      void 
  1238 ;; Registers used:
  1239 ;;		wreg, status,2, status,0
  1240 ;; Tracked objects:
  1241 ;;		On entry : 0/0
  1242 ;;		On exit  : 0/0
  1243 ;;		Unchanged: 0/0
  1244 ;; Data sizes:     COMMON   BANK0   BANK1   BANK3   BANK2
  1245 ;;      Params:         0       0       0       0       0
  1246 ;;      Locals:         0       0       0       0       0
  1247 ;;      Temps:          1       0       0       0       0
  1248 ;;      Totals:         1       0       0       0       0
  1249 ;;Total ram usage:        1 bytes
  1250 ;; Hardware stack levels used:    1
  1251 ;; Hardware stack levels required when called:    2
  1252 ;; This function calls:
  1253 ;;		Nothing
  1254 ;; This function is called by:
  1255 ;;		_main
  1256 ;; This function uses a non-reentrant model
  1257 ;;
  1258                           
  1259                           
  1260                           ;psect for function _cfg_adc
  1261  015A                     _cfg_adc:
  1262  015A                     l840:	
  1263                           ;incstack = 0
  1264                           ; Regs used in _cfg_adc: [wreg+status,2+status,0]
  1265                           
  1266  015A  1683               	bsf	3,5	;RP0=1, select bank1
  1267  015B  1303               	bcf	3,6	;RP1=0, select bank1
  1268  015C  139F               	bcf	31,7	;volatile
  1269  015D  121F               	bcf	31,4	;volatile
  1270  015E  129F               	bcf	31,5	;volatile
  1271  015F  1283               	bcf	3,5	;RP0=0, select bank0
  1272  0160  1303               	bcf	3,6	;RP1=0, select bank0
  1273  0161  131F               	bcf	31,6	;volatile
  1274  0162  139F               	bcf	31,7	;volatile
  1275  0163                     l842:
  1276  0163  081F               	movf	31,w	;volatile
  1277  0164  39C3               	andlw	-61
  1278  0165  3814               	iorlw	20
  1279  0166  009F               	movwf	31	;volatile
  1280  0167                     l844:
  1281  0167  3021               	movlw	33
  1282  0168  00F3               	movwf	??_cfg_adc
  1283  0169                     u387:
  1284  0169  0BF3               	decfsz	??_cfg_adc,f
  1285  016A  2969               	goto	u387
  1286  016B                     l846:
  1287  016B  1283               	bcf	3,5	;RP0=0, select bank0
  1288  016C  1303               	bcf	3,6	;RP1=0, select bank0
  1289  016D  141F               	bsf	31,0	;volatile
  1290  016E                     l135:
  1291  016E  0008               	return
  1292  016F                     __end_of_cfg_adc:
  1293                           
  1294                           	psect	text10
  1295  00CA                     __ptext10:	
  1296 ;; *************** function _isr *****************
  1297 ;; Defined at:
  1298 ;;		line 69 in file "1111.c"
  1299 ;; Parameters:    Size  Location     Type
  1300 ;;		None
  1301 ;; Auto vars:     Size  Location     Type
  1302 ;;		None
  1303 ;; Return value:  Size  Location     Type
  1304 ;;                  1    wreg      void 
  1305 ;; Registers used:
  1306 ;;		wreg, status,2, status,0, pclath, cstack
  1307 ;; Tracked objects:
  1308 ;;		On entry : 0/0
  1309 ;;		On exit  : 0/0
  1310 ;;		Unchanged: 0/0
  1311 ;; Data sizes:     COMMON   BANK0   BANK1   BANK3   BANK2
  1312 ;;      Params:         0       0       0       0       0
  1313 ;;      Locals:         0       0       0       0       0
  1314 ;;      Temps:          2       0       0       0       0
  1315 ;;      Totals:         2       0       0       0       0
  1316 ;;Total ram usage:        2 bytes
  1317 ;; Hardware stack levels used:    1
  1318 ;; Hardware stack levels required when called:    1
  1319 ;; This function calls:
  1320 ;;		_int_adc
  1321 ;;		_int_iocb
  1322 ;;		_int_t0
  1323 ;; This function is called by:
  1324 ;;		Interrupt level 1
  1325 ;; This function uses a non-reentrant model
  1326 ;;
  1327                           
  1328                           
  1329                           ;psect for function _isr
  1330  00CA                     _isr:
  1331  00CA                     i1l962:
  1332  00CA  1C0B               	btfss	11,0	;volatile
  1333  00CB  28CD               	goto	u32_21
  1334  00CC  28CE               	goto	u32_20
  1335  00CD                     u32_21:
  1336  00CD  28D3               	goto	i1l966
  1337  00CE                     u32_20:
  1338  00CE                     i1l964:
  1339  00CE  120A  118A  2182  120A  118A  	fcall	_int_iocb
  1340  00D3                     i1l966:
  1341  00D3  1283               	bcf	3,5	;RP0=0, select bank0
  1342  00D4  1303               	bcf	3,6	;RP1=0, select bank0
  1343  00D5  1F0C               	btfss	12,6	;volatile
  1344  00D6  28D8               	goto	u33_21
  1345  00D7  28D9               	goto	u33_20
  1346  00D8                     u33_21:
  1347  00D8  28DE               	goto	i1l970
  1348  00D9                     u33_20:
  1349  00D9                     i1l968:
  1350  00D9  120A  118A  2194  120A  118A  	fcall	_int_adc
  1351  00DE                     i1l970:
  1352  00DE  1D0B               	btfss	11,2	;volatile
  1353  00DF  28E1               	goto	u34_21
  1354  00E0  28E2               	goto	u34_20
  1355  00E1                     u34_21:
  1356  00E1  28E7               	goto	i1l90
  1357  00E2                     u34_20:
  1358  00E2                     i1l972:
  1359  00E2  120A  118A  210D  120A  118A  	fcall	_int_t0
  1360  00E7                     i1l90:
  1361  00E7  0872               	movf	??_isr+1,w
  1362  00E8  008A               	movwf	10
  1363  00E9  0E71               	swapf	??_isr,w
  1364  00EA  0083               	movwf	3
  1365  00EB  0EFE               	swapf	btemp,f
  1366  00EC  0E7E               	swapf	btemp,w
  1367  00ED  0009               	retfie
  1368  00EE                     __end_of_isr:
  1369                           
  1370                           	psect	intentry
  1371  0004                     __pintentry:	
  1372                           ;incstack = 0
  1373                           ; Regs used in _isr: [wreg+status,2+status,0+pclath+cstack]
  1374                           
  1375  0004                     interrupt_function:
  1376  007E                     saved_w	set	btemp
  1377  0004  00FE               	movwf	btemp
  1378  0005  0E03               	swapf	3,w
  1379  0006  00F1               	movwf	??_isr
  1380  0007  080A               	movf	10,w
  1381  0008  00F2               	movwf	??_isr+1
  1382  0009  120A  118A  28CA   	ljmp	_isr
  1383                           
  1384                           	psect	text11
  1385  010D                     __ptext11:	
  1386 ;; *************** function _int_t0 *****************
  1387 ;; Defined at:
  1388 ;;		line 100 in file "1111.c"
  1389 ;; Parameters:    Size  Location     Type
  1390 ;;		None
  1391 ;; Auto vars:     Size  Location     Type
  1392 ;;		None
  1393 ;; Return value:  Size  Location     Type
  1394 ;;                  1    wreg      void 
  1395 ;; Registers used:
  1396 ;;		wreg, status,2, status,0
  1397 ;; Tracked objects:
  1398 ;;		On entry : 0/0
  1399 ;;		On exit  : 0/0
  1400 ;;		Unchanged: 0/0
  1401 ;; Data sizes:     COMMON   BANK0   BANK1   BANK3   BANK2
  1402 ;;      Params:         0       0       0       0       0
  1403 ;;      Locals:         0       0       0       0       0
  1404 ;;      Temps:          1       0       0       0       0
  1405 ;;      Totals:         1       0       0       0       0
  1406 ;;Total ram usage:        1 bytes
  1407 ;; Hardware stack levels used:    1
  1408 ;; This function calls:
  1409 ;;		Nothing
  1410 ;; This function is called by:
  1411 ;;		_isr
  1412 ;; This function uses a non-reentrant model
  1413 ;;
  1414                           
  1415                           
  1416                           ;psect for function _int_t0
  1417  010D                     _int_t0:
  1418  010D                     i1l938:	
  1419                           ;incstack = 0
  1420                           ; Regs used in _int_t0: [wreg+status,2+status,0]
  1421                           
  1422  010D  1283               	bcf	3,5	;RP0=0, select bank0
  1423  010E  1303               	bcf	3,6	;RP1=0, select bank0
  1424  010F  0185               	clrf	5	;volatile
  1425  0110                     i1l940:
  1426  0110  0878               	movf	_cont,w
  1427  0111  1D03               	btfss	3,2
  1428  0112  2914               	goto	u30_21
  1429  0113  2915               	goto	u30_20
  1430  0114                     u30_21:
  1431  0114  291E               	goto	i1l946
  1432  0115                     u30_20:
  1433  0115                     i1l942:
  1434  0115  083A               	movf	_udisp,w
  1435  0116  0085               	movwf	5	;volatile
  1436  0117  3004               	movlw	4
  1437  0118  0088               	movwf	8	;volatile
  1438  0119                     i1l944:
  1439  0119  3001               	movlw	1
  1440  011A  00F0               	movwf	??_int_t0
  1441  011B  0870               	movf	??_int_t0,w
  1442  011C  07F8               	addwf	_cont,f
  1443  011D  2928               	goto	i1l952
  1444  011E                     i1l946:
  1445  011E  0378               	decf	_cont,w
  1446  011F  1D03               	btfss	3,2
  1447  0120  2922               	goto	u31_21
  1448  0121  2923               	goto	u31_20
  1449  0122                     u31_21:
  1450  0122  2928               	goto	i1l952
  1451  0123                     u31_20:
  1452  0123                     i1l948:
  1453  0123  0839               	movf	_ddisp,w
  1454  0124  0085               	movwf	5	;volatile
  1455  0125  3008               	movlw	8
  1456  0126  0088               	movwf	8	;volatile
  1457  0127                     i1l950:
  1458  0127  01F8               	clrf	_cont
  1459  0128                     i1l952:
  1460  0128  30FE               	movlw	254
  1461  0129  0081               	movwf	1	;volatile
  1462  012A                     i1l954:
  1463  012A  110B               	bcf	11,2	;volatile
  1464  012B                     i1l105:
  1465  012B  0008               	return
  1466  012C                     __end_of_int_t0:
  1467                           
  1468                           	psect	text12
  1469  0182                     __ptext12:	
  1470 ;; *************** function _int_iocb *****************
  1471 ;; Defined at:
  1472 ;;		line 82 in file "1111.c"
  1473 ;; Parameters:    Size  Location     Type
  1474 ;;		None
  1475 ;; Auto vars:     Size  Location     Type
  1476 ;;		None
  1477 ;; Return value:  Size  Location     Type
  1478 ;;                  1    wreg      void 
  1479 ;; Registers used:
  1480 ;;		wreg, status,2, status,0
  1481 ;; Tracked objects:
  1482 ;;		On entry : 0/0
  1483 ;;		On exit  : 0/0
  1484 ;;		Unchanged: 0/0
  1485 ;; Data sizes:     COMMON   BANK0   BANK1   BANK3   BANK2
  1486 ;;      Params:         0       0       0       0       0
  1487 ;;      Locals:         0       0       0       0       0
  1488 ;;      Temps:          1       0       0       0       0
  1489 ;;      Totals:         1       0       0       0       0
  1490 ;;Total ram usage:        1 bytes
  1491 ;; Hardware stack levels used:    1
  1492 ;; This function calls:
  1493 ;;		Nothing
  1494 ;; This function is called by:
  1495 ;;		_isr
  1496 ;; This function uses a non-reentrant model
  1497 ;;
  1498                           
  1499                           
  1500                           ;psect for function _int_iocb
  1501  0182                     _int_iocb:
  1502  0182                     i1l784:	
  1503                           ;incstack = 0
  1504                           ; Regs used in _int_iocb: [wreg+status,2+status,0]
  1505                           
  1506  0182  1283               	bcf	3,5	;RP0=0, select bank0
  1507  0183  1303               	bcf	3,6	;RP1=0, select bank0
  1508  0184  1806               	btfsc	6,0	;volatile
  1509  0185  2987               	goto	u11_21
  1510  0186  2988               	goto	u11_20
  1511  0187                     u11_21:
  1512  0187  298C               	goto	i1l788
  1513  0188                     u11_20:
  1514  0188                     i1l786:
  1515  0188  3001               	movlw	1
  1516  0189  00F0               	movwf	??_int_iocb
  1517  018A  0870               	movf	??_int_iocb,w
  1518  018B  0787               	addwf	7,f	;volatile
  1519  018C                     i1l788:
  1520  018C  1886               	btfsc	6,1	;volatile
  1521  018D  298F               	goto	u12_21
  1522  018E  2990               	goto	u12_20
  1523  018F                     u12_21:
  1524  018F  2992               	goto	i1l792
  1525  0190                     u12_20:
  1526  0190                     i1l790:
  1527  0190  3001               	movlw	1
  1528  0191  0287               	subwf	7,f	;volatile
  1529  0192                     i1l792:
  1530  0192  100B               	bcf	11,0	;volatile
  1531  0193                     i1l95:
  1532  0193  0008               	return
  1533  0194                     __end_of_int_iocb:
  1534                           
  1535                           	psect	text13
  1536  0194                     __ptext13:	
  1537 ;; *************** function _int_adc *****************
  1538 ;; Defined at:
  1539 ;;		line 93 in file "1111.c"
  1540 ;; Parameters:    Size  Location     Type
  1541 ;;		None
  1542 ;; Auto vars:     Size  Location     Type
  1543 ;;		None
  1544 ;; Return value:  Size  Location     Type
  1545 ;;                  1    wreg      void 
  1546 ;; Registers used:
  1547 ;;		wreg, status,2, status,0
  1548 ;; Tracked objects:
  1549 ;;		On entry : 0/0
  1550 ;;		On exit  : 0/0
  1551 ;;		Unchanged: 0/0
  1552 ;; Data sizes:     COMMON   BANK0   BANK1   BANK3   BANK2
  1553 ;;      Params:         0       0       0       0       0
  1554 ;;      Locals:         0       0       0       0       0
  1555 ;;      Temps:          1       0       0       0       0
  1556 ;;      Totals:         1       0       0       0       0
  1557 ;;Total ram usage:        1 bytes
  1558 ;; Hardware stack levels used:    1
  1559 ;; This function calls:
  1560 ;;		Nothing
  1561 ;; This function is called by:
  1562 ;;		_isr
  1563 ;; This function uses a non-reentrant model
  1564 ;;
  1565                           
  1566                           
  1567                           ;psect for function _int_adc
  1568  0194                     _int_adc:
  1569  0194                     i1l794:	
  1570                           ;incstack = 0
  1571                           ; Regs used in _int_adc: [wreg+status,2+status,0]
  1572                           
  1573  0194  1283               	bcf	3,5	;RP0=0, select bank0
  1574  0195  1303               	bcf	3,6	;RP1=0, select bank0
  1575  0196  0C1F               	rrf	31,w	;volatile
  1576  0197  00F0               	movwf	??_int_adc
  1577  0198  0C70               	rrf	??_int_adc,w
  1578  0199  390F               	andlw	15
  1579  019A  3A05               	xorlw	5
  1580  019B  1D03               	skipz
  1581  019C  299E               	goto	u13_21
  1582  019D  299F               	goto	u13_20
  1583  019E                     u13_21:
  1584  019E  29A3               	goto	i1l798
  1585  019F                     u13_20:
  1586  019F                     i1l796:
  1587  019F  081E               	movf	30,w	;volatile
  1588  01A0  00F0               	movwf	??_int_adc
  1589  01A1  0870               	movf	??_int_adc,w
  1590  01A2  00F9               	movwf	_adcdig
  1591  01A3                     i1l798:
  1592  01A3  130C               	bcf	12,6	;volatile
  1593  01A4                     i1l99:
  1594  01A4  0008               	return
  1595  01A5                     __end_of_int_adc:
  1596  007E                     btemp	set	126	;btemp
  1597  007E                     wtemp0	set	126
  1598                           
  1599                           	psect	config
  1600                           
  1601                           ;Config register CONFIG1 @ 0x2007
  1602                           ;	Oscillator Selection bits
  1603                           ;	FOSC = INTRC_NOCLKOUT, INTOSCIO oscillator: I/O function on RA6/OSC2/CLKOUT pin, I/O f
      +                          unction on RA7/OSC1/CLKIN
  1604                           ;	Watchdog Timer Enable bit
  1605                           ;	WDTE = OFF, WDT disabled and can be enabled by SWDTEN bit of the WDTCON register
  1606                           ;	Power-up Timer Enable bit
  1607                           ;	PWRTE = OFF, PWRT disabled
  1608                           ;	RE3/MCLR pin function select bit
  1609                           ;	MCLRE = ON, RE3/MCLR pin function is MCLR
  1610                           ;	Code Protection bit
  1611                           ;	CP = OFF, Program memory code protection is disabled
  1612                           ;	Data Code Protection bit
  1613                           ;	CPD = OFF, Data memory code protection is disabled
  1614                           ;	Brown Out Reset Selection bits
  1615                           ;	BOREN = OFF, BOR disabled
  1616                           ;	Internal External Switchover bit
  1617                           ;	IESO = OFF, Internal/External Switchover mode is disabled
  1618                           ;	Fail-Safe Clock Monitor Enabled bit
  1619                           ;	FCMEN = OFF, Fail-Safe Clock Monitor is disabled
  1620                           ;	Low Voltage Programming Enable bit
  1621                           ;	LVP = ON, RB3/PGM pin has PGM function, low voltage programming enabled
  1622                           ;	In-Circuit Debugger Mode bit
  1623                           ;	DEBUG = 0x1, unpro  1624  2007                     	org	8199
  1625  2007  30F4               	dw	12532
  1626                           
  1627                           ;Config register CONFIG2 @ 0x2008
  1628                           ;	Brown-out Reset Selection bit
  1629                           ;	BOR4V = BOR40V, Brown-out Reset set to 4.0V
  1630                           ;	Flash Program Memory Self Write Enable bits
  1631                           ;	WRT = OFF, Write protection off
  1632  2008                     	org	8200
  1633  2008  3FFF               	dw	16383

Data Sizes:
    Strings     0
    Constant    0
    Data        16
    BSS         6
    Persistent  0
    Stack       0

Auto Spaces:
    Space          Size  Autos    Used
    COMMON           14      8      11
    BANK0            80      9      28
    BANK1            80      0       0
    BANK3            96      0       0
    BANK2            96      0       0

Pointer List with Targets:

    None.

Critical Paths under _main in COMMON

    _hex->___awdiv

Critical Paths under _isr in COMMON

    _isr->_int_adc
    _isr->_int_iocb
    _isr->_int_t0

Critical Paths under _main in BANK0

    _main->_t7
    _t7->_hex
    _hex->___awdiv

Critical Paths under _isr in BANK0

    None.

Critical Paths under _main in BANK1

    None.

Critical Paths under _isr in BANK1

    None.

Critical Paths under _main in BANK3

    None.

Critical Paths under _isr in BANK3

    None.

Critical Paths under _main in BANK2

    None.

Critical Paths under _isr in BANK2

    None.

Call Graph Tables:

 ---------------------------------------------------------------------------------
 (Depth) Function   	        Calls       Base Space   Used Autos Params    Refs
 ---------------------------------------------------------------------------------
 (0) _main                                                 1     1      0     452
                                              8 BANK0      1     1      0
                            _cfg_adc
                            _cfg_clk
                           _cfg_inte
                             _cfg_io
                           _cfg_iocb
                             _cfg_t0
                                 _t7
 ---------------------------------------------------------------------------------
 (1) _t7                                                   1     1      0     452
                                              7 BANK0      1     1      0
                                _hex
 ---------------------------------------------------------------------------------
 (2) _hex                                                  3     3      0     452
                                              4 BANK0      3     3      0
                            ___awdiv
 ---------------------------------------------------------------------------------
 (3) ___awdiv                                              9     5      4     452
                                              3 COMMON     5     1      4
                                              0 BANK0      4     4      0
 ---------------------------------------------------------------------------------
 (1) _cfg_t0                                               0     0      0       0
 ---------------------------------------------------------------------------------
 (1) _cfg_iocb                                             0     0      0       0
 ---------------------------------------------------------------------------------
 (1) _cfg_io                                               0     0      0       0
 ---------------------------------------------------------------------------------
 (1) _cfg_inte                                             0     0      0       0
 ---------------------------------------------------------------------------------
 (1) _cfg_clk                                              0     0      0       0
 ---------------------------------------------------------------------------------
 (1) _cfg_adc                                              1     1      0       0
                                              3 COMMON     1     1      0
 ---------------------------------------------------------------------------------
 Estimated maximum stack depth 3
 ---------------------------------------------------------------------------------
 (Depth) Function   	        Calls       Base Space   Used Autos Params    Refs
 ---------------------------------------------------------------------------------
 (4) _isr                                                  2     2      0       0
                                              1 COMMON     2     2      0
                            _int_adc
                           _int_iocb
                             _int_t0
 ---------------------------------------------------------------------------------
 (5) _int_t0                                               1     1      0       0
                                              0 COMMON     1     1      0
 ---------------------------------------------------------------------------------
 (5) _int_iocb                                             1     1      0       0
                                              0 COMMON     1     1      0
 ---------------------------------------------------------------------------------
 (5) _int_adc                                              1     1      0       0
                                              0 COMMON     1     1      0
 ---------------------------------------------------------------------------------
 Estimated maximum stack depth 5
 ---------------------------------------------------------------------------------

 Call Graph Graphs:

 _main (ROOT)
   _cfg_adc
   _cfg_clk
   _cfg_inte
   _cfg_io
   _cfg_iocb
   _cfg_t0
   _t7
     _hex
       ___awdiv

 _isr (ROOT)
   _int_adc
   _int_iocb
   _int_t0

 Address spaces:
Name               Size   Autos  Total    Cost      Usage
BANK3               60      0       0       9        0.0%
BITBANK3            60      0       0       8        0.0%
SFR3                 0      0       0       4        0.0%
BITSFR3              0      0       0       4        0.0%
BANK2               60      0       0      11        0.0%
BITBANK2            60      0       0      10        0.0%
SFR2                 0      0       0       5        0.0%
BITSFR2              0      0       0       5        0.0%
BANK1               50      0       0       7        0.0%
BITBANK1            50      0       0       6        0.0%
SFR1                 0      0       0       2        0.0%
BITSFR1              0      0       0       2        0.0%
BANK0               50      9      1C       5       35.0%
BITBANK0            50      0       0       4        0.0%
SFR0                 0      0       0       1        0.0%
BITSFR0              0      0       0       1        0.0%
COMMON               E      8       B       1       78.6%
BITCOMMON            E      0       0       0        0.0%
CODE                 0      0       0       0        0.0%
DATA                 0      0      27      12        0.0%
ABS                  0      0      27       3        0.0%
NULL                 0      0       0       0        0.0%
STACK                0      0       0       2        0.0%
EEDATA             100      0       0       0        0.0%


Microchip Technology PIC Macro Assembler V2.31 build 20201012212115 
Symbol Table                                                                                   Tue Jul 20 01:19:21 2021

                      pc 0002             ___awdiv@sign 0031                       _t7 012C  
                     fsr 0004                      ?_t7 0070                      l120 0159  
                    l123 01C8                      l132 01C1                      l117 0142  
                    l126 01D4                      l135 016E                      l144 010C  
                    l129 01CE                      l383 008F                      l820 0146  
                    l900 0039                      l830 01C2                      l822 0148  
                    l910 004D                      l902 003E                      l840 015A  
                    l832 01CF                      l824 014F                      l920 0073  
                    l912 0054                      l904 0042                      l842 0163  
                    l826 0151                      l818 0143                      l834 01C9  
                    l850 01BC                      l930 008B                      l922 0074  
                    l914 0058                      l906 0044                      l844 0167  
                    l828 0152                      l836 01CD                      l852 01C0  
                    l924 007B                      l916 005C                      l908 004A  
                    l846 016B                      l918 006D                      l926 0081  
                    l848 01B5                      l928 0086                      l890 0027  
                    l892 002A                      l894 002E                      l990 00EE  
                    l896 0033                      l992 00F5                      l898 0035  
                    l994 012C                      l996 0131                      l998 013B  
                    u200 002E                      u201 002D                      u210 0039  
                    u211 0038                      u220 004A                      u221 0049  
                    u240 005C                      u241 005B                      u235 004E  
                    u260 006D                      u261 006C                      u255 005D  
                    u280 0081                      u360 00BC                      u281 0080  
                    u265 0069                      u361 00BB                      u290 0086  
                    u291 0085                      u275 0075                      u377 00C0  
                    u387 0169                      _hex 00EE                      _isr 00CA  
                    fsr0 0004                      indf 0000                     ??_t7 0037  
                   l1000 0090                     l1010 00B6                     l1002 0095  
                   l1012 00BC                     l1004 009A                     l1014 00C3  
                   l1006 00AE                     l1008 00B1                     ?_hex 0070  
                   ?_isr 0070                     _IOCB 0096                     i1l90 00E7  
                   i1l95 0193                     i1l99 01A4                     _TMR0 0001  
                   _WPUB 0095                     _cont 0078                     _main 0090  
                   _num0 007A                     _num1 003B                     btemp 007E  
                   start 000C                    ??_hex 0034                    ??_isr 0071  
                  ?_main 0070          __end_of___awdiv 0090                    _ANSEL 0188  
        ___awdiv@divisor 0073                    i1l105 012B                    i1l940 0110  
                  i1l790 0190                    i1l950 0127                    i1l942 0115  
                  i1l792 0192                    i1l784 0182                    i1l952 0128  
                  i1l944 0119                    i1l794 0194                    i1l786 0188  
                  i1l954 012A                    i1l946 011E                    i1l938 010D  
                  i1l970 00DE                    i1l962 00CA                    i1l796 019F  
                  i1l788 018C                    i1l948 0123                    i1l972 00E2  
                  i1l964 00CE                    i1l798 01A3                    i1l966 00D3  
                  i1l968 00D9          ___awdiv@counter 0030                    u11_20 0188  
                  u11_21 0187                    u12_20 0190                    u12_21 018F  
                  u13_20 019F                    u13_21 019E                    u30_20 0115  
                  u30_21 0114                    u31_20 0123                    u31_21 0122  
                  u32_20 00CE                    u32_21 00CD                    u33_20 00D9  
                  u33_21 00D8                    u34_20 00E2                    u34_21 00E1  
        __end_of_cfg_adc 016F                    _PORTA 0005                    _PORTB 0006  
                  _PORTC 0007                    _PORTD 0008          __end_of_cfg_clk 01C9  
                  _TRISA 0085                    _TRISB 0086                    _TRISC 0087  
                  _TRISD 0088                    _TRISE 0089                    _ddisp 0039  
        __end_of_int_adc 01A5                    _udisp 003A                    pclath 000A  
                  status 0003                    wtemp0 007E          __initialization 000F  
           __end_of_main 00CA                   ??_main 0038                   _ADRESH 001E  
       ___awdiv@dividend 0075                   _ANSELH 0189         __end_of_cfg_iocb 01CF  
       __end_of_cfg_inte 01D5                   _adcdig 0079                   _cfg_t0 01B5  
              ??___awdiv 0077                   _cfg_io 0143                ??_cfg_adc 0073  
              ??_cfg_clk 0073                   _int_t0 010D         __end_of_int_iocb 0194  
       ___awdiv@quotient 0032                ??_int_adc 0070                   saved_w 007E  
__end_of__initialization 0023           __pcstackCOMMON 0070             __pidataBANK0 01A5  
             __end_of_t7 0143           _OPTION_REGbits 0081               __pbssBANK0 0039  
             __pmaintext 0090                  ?_cfg_t0 0070                  ?_cfg_io 0070  
             __pintentry 0004                  ?_int_t0 0070                ?_cfg_iocb 0070  
              ?_cfg_inte 0070                ?_int_iocb 0070                  ___awdiv 0027  
        __size_of_cfg_t0 000D          __size_of_cfg_io 0017                  _cfg_adc 015A  
                _cfg_clk 01C2          __size_of_int_t0 001F                  __ptext1 012C  
                __ptext2 00EE                  __ptext3 0027                  __ptext4 01B5  
                __ptext5 01C9                  __ptext6 0143                  __ptext7 01CF  
                __ptext8 01C2                  __ptext9 015A                  _tab7seg 0020  
             ??_cfg_iocb 0073                  _int_adc 0194             __size_of_hex 001F  
             ??_cfg_inte 0073             __size_of_isr 0024     end_of_initialization 0023  
             ??_int_iocb 0070                _PORTBbits 0006           __end_of_cfg_t0 01C2  
         __end_of_cfg_io 015A           __end_of_int_t0 012C      start_initialization 000F  
            __end_of_hex 010D              __end_of_isr 00EE                 ??_cfg_t0 0073  
               ??_cfg_io 0073               init_fetch0 016F              __pdataBANK0 0020  
               ??_int_t0 0070              __pbssCOMMON 0078                ___latbits 0002  
          __pcstackBANK0 0030        __size_of_cfg_iocb 0006        __size_of_cfg_inte 0006  
      __size_of_int_iocb 0012                 ?___awdiv 0073                 ?_cfg_adc 0070  
               ?_cfg_clk 0070                 ?_int_adc 0070              __size_of_t7 0017  
      interrupt_function 0004                 _PIR1bits 000C               _ADCON0bits 001F  
             _ADCON1bits 009F         __size_of___awdiv 0069         __size_of_cfg_adc 0015  
       __size_of_cfg_clk 0007                 _cfg_iocb 01C9                 _cfg_inte 01CF  
       __size_of_int_adc 0011                 __ptext10 00CA                 __ptext11 010D  
               __ptext12 0182                 __ptext13 0194            __size_of_main 003A  
               _int_iocb 0182               _INTCONbits 000B                 init_ram0 0173  
               intlevel1 0000               _OSCCONbits 008F  
